<?xml version="1.0" encoding="UTF-8"?>
<testng-results ignored="0" total="1" passed="1" failed="0" skipped="0">
  <reporter-output>
  </reporter-output>
  <suite started-at="2024-07-27T10:24:25 BST" name="Default suite" finished-at="2024-07-27T10:24:37 BST" duration-ms="11438">
    <groups>
    </groups>
    <test started-at="2024-07-27T10:24:25 BST" name="Default test" finished-at="2024-07-27T10:24:37 BST" duration-ms="11438">
      <class name="com.qaautomation.OPenBrowser">
        <test-method signature="case1()[pri:0, instance:com.qaautomation.OPenBrowser@20ccf40b]" started-at="2024-07-27T10:24:25 BST" name="case1" finished-at="2024-07-27T10:24:36 BST" duration-ms="11362" status="PASS">
          <reporter-output>
          </reporter-output>
        </test-method> <!-- case1 -->
      </class> <!-- com.qaautomation.OPenBrowser -->
    </test> <!-- Default test -->
  </suite> <!-- Default suite -->
</testng-results>
